<?xml version="1.0" encoding="UTF-8"?>
<!-- Generated by org.testng.reporters.JUnitXMLReporter -->
<testsuite ignored="0" hostname="Mapletech" failures="0" tests="4" name="Default test" time="0.106" errors="0" timestamp="2023-04-02T15:19:11 IST">
  <testcase classname="edu.sms.supervisor.DataProvide" name="test1" time="0.011"/>
  <testcase classname="edu.sms.supervisor.DataProvide" name="test1" time="0.002"/>
  <testcase classname="edu.sms.supervisor.DataProvide" name="test1" time="0.001"/>
  <testcase classname="edu.sms.supervisor.DataProvide" name="test1" time="0.006"/>
</testsuite> <!-- Default test -->
