<?xml version="1.0" encoding="UTF-8"?>
<!-- Generated by org.testng.reporters.JUnitXMLReporter -->
<testsuite ignored="0" hostname="Mapletech" failures="1" tests="2" name="Deepak" time="0.118" errors="0" timestamp="2023-02-22T17:12:12 IST">
  <testcase classname="edu.properties.practise.TestNGPractiseClass" name="test1" time="0.009"/>
  <testcase classname="edu.properties.practise.TestNGPractiseClass2" name="test2" time="0.008">
    <failure type="java.lang.AssertionError" message="null">
      <![CDATA[java.lang.AssertionError: null
at edu.properties.practise.TestNGPractiseClass2.test2(TestNGPractiseClass2.java:43)
at java.base/java.util.ArrayList.forEach(ArrayList.java:1511)
... Removed 29 stack frames]]>
    </failure>
  </testcase> <!-- test2 -->
</testsuite> <!-- Deepak -->
