<?xml version="1.0" encoding="UTF-8"?>
<!-- Generated by org.testng.reporters.JUnitXMLReporter -->
<testsuite ignored="0" hostname="Mapletech" failures="0" tests="4" name="Test2" time="7.167" errors="0" timestamp="2023-02-27T17:55:25 IST">
  <testcase classname="edu.sms.guardian.AddAndVerifyAssignedSubject" name="addAndVerifyAssignedSubject" time="0.0">
    <skipped/>
  </testcase> <!-- addAndVerifyAssignedSubject -->
  <testcase classname="edu.sms.guardian.AddandVerifyExamMarks" name="addandVerifyExamMarks" time="0.0">
    <skipped/>
  </testcase> <!-- addandVerifyExamMarks -->
  <testcase classname="edu.sms.guardian.AddAndVerifyMySonsTimetable" name="addAndVerifyMySonsTimetable" time="0.0">
    <skipped/>
  </testcase> <!-- addAndVerifyMySonsTimetable -->
  <testcase classname="edu.sms.guardian.AddAndVerifyMySonsTeacher" name="addAndVerifyMySonsTeacher" time="0.0">
    <skipped/>
  </testcase> <!-- addAndVerifyMySonsTeacher -->
</testsuite> <!-- Test2 -->
