<?xml version="1.0" encoding="UTF-8"?>
<testng-results ignored="0" total="4" passed="4" failed="0" skipped="0">
  <reporter-output>
  </reporter-output>
  <suite started-at="2023-04-02T15:19:10 IST" name="Default suite" finished-at="2023-04-02T15:19:10 IST" duration-ms="106">
    <groups>
    </groups>
    <test started-at="2023-04-02T15:19:10 IST" name="Default test" finished-at="2023-04-02T15:19:10 IST" duration-ms="106">
      <class name="edu.sms.supervisor.DataProvide">
        <test-method signature="test1(java.lang.String)[pri:0, instance:edu.sms.supervisor.DataProvide@4de4b452]" started-at="2023-04-02T15:19:10 IST" name="test1" data-provider="data" finished-at="2023-04-02T15:19:10 IST" duration-ms="11" status="PASS">
          <params>
            <param index="0">
              <value>
                <![CDATA[Nayeem]]>
              </value>
            </param>
          </params>
          <reporter-output>
          </reporter-output>
        </test-method> <!-- test1 -->
        <test-method signature="test1(java.lang.String)[pri:0, instance:edu.sms.supervisor.DataProvide@4de4b452]" started-at="2023-04-02T15:19:10 IST" name="test1" data-provider="data" finished-at="2023-04-02T15:19:10 IST" duration-ms="2" status="PASS">
          <params>
            <param index="0">
              <value>
                <![CDATA[Ty]]>
              </value>
            </param>
          </params>
          <reporter-output>
          </reporter-output>
        </test-method> <!-- test1 -->
        <test-method signature="test1(java.lang.String)[pri:0, instance:edu.sms.supervisor.DataProvide@4de4b452]" started-at="2023-04-02T15:19:10 IST" name="test1" data-provider="data" finished-at="2023-04-02T15:19:10 IST" duration-ms="1" status="PASS">
          <params>
            <param index="0">
              <value>
                <![CDATA[QSP]]>
              </value>
            </param>
          </params>
          <reporter-output>
          </reporter-output>
        </test-method> <!-- test1 -->
        <test-method signature="test1(java.lang.String)[pri:0, instance:edu.sms.supervisor.DataProvide@4de4b452]" started-at="2023-04-02T15:19:10 IST" name="test1" data-provider="data" finished-at="2023-04-02T15:19:10 IST" duration-ms="6" status="PASS">
          <params>
            <param index="0">
              <value>
                <![CDATA[TCS]]>
              </value>
            </param>
          </params>
          <reporter-output>
          </reporter-output>
        </test-method> <!-- test1 -->
      </class> <!-- edu.sms.supervisor.DataProvide -->
    </test> <!-- Default test -->
  </suite> <!-- Default suite -->
</testng-results>
